INFO:root:Beginning DFT function with input shape (8,)
INFO:root:DFT done with following results: 
[array([ 0.00000000e+00,  1.00000000e+01,  3.33066907e-15,  3.10862447e-15,
       -2.44249065e-15,  1.33226763e-15,  4.21884749e-15, -1.00000000e+01]), array([ 0.00000000e+00, -1.00000000e+01,  2.22044605e-16,  4.44089210e-16,
       -1.55431223e-15,  8.88178420e-15,  1.15463195e-14,  1.00000000e+01])]
INFO:root:Beginning DFT function with input shape (16,)
INFO:root:DFT done with following results: 
[array([-1.77635684e-15,  2.40000000e+01, -2.22044605e-16, -1.99840144e-15,
        8.00000000e+00,  9.76996262e-15,  7.99360578e-15,  4.00000000e+00,
       -1.64313008e-14, -4.00000000e+00, -2.55351296e-14, -3.35287353e-14,
       -8.00000000e+00, -1.42108547e-14, -9.76996262e-15, -2.40000000e+01]), array([-1.77635684e-15, -2.40000000e+01, -7.54951657e-15,  0.00000000e+00,
       -8.00000000e+00,  6.66133815e-15,  1.28785871e-14, -4.00000000e+00,
        1.99840144e-14,  4.00000000e+00,  3.99680289e-15, -1.28785871e-14,
        8.00000000e+00, -1.37667655e-14,  4.44089210e-15,  2.40000000e+01])]
INFO:root:Beginning DFT function with input shape (24,)
INFO:root:DFT done with following results: 
[array([-3.10862447e-15,  3.60000000e+01,  8.65973959e-15, -9.32587341e-15,
        1.20000000e+01,  1.11022302e-14,  2.08721929e-14,  6.00000000e+00,
       -1.50990331e-14,  2.04281037e-14,  1.28785871e-14, -4.04121181e-14,
       -1.06581410e-14, -9.76996262e-15, -5.99520433e-15,  4.44089210e-14,
        3.68594044e-14, -6.00000000e+00, -6.17284002e-14,  3.50830476e-14,
       -1.20000000e+01,  2.04281037e-14,  9.94759830e-14, -3.60000000e+01]), array([-3.10862447e-15, -3.60000000e+01, -8.43769499e-15, -7.99360578e-15,
       -1.20000000e+01, -3.99680289e-15, -1.28785871e-14, -6.00000000e+00,
       -2.10942375e-14,  2.02060590e-14, -5.77315973e-15, -3.99680289e-15,
        2.53130850e-14, -4.44089210e-16, -2.62012634e-14,  2.08721929e-14,
        4.84057239e-14,  6.00000000e+00, -2.17603713e-14, -3.15303339e-14,
        1.20000000e+01, -5.88418203e-14,  3.99680289e-15,  3.60000000e+01])]
INFO:root:Beginning DFT function with input shape (32,)
INFO:root:DFT done with following results: 
[array([-2.66453526e-15,  4.80000000e+01, -8.10462808e-15, -7.88258347e-15,
        1.60000000e+01,  2.09832152e-14,  3.77475828e-15,  8.00000000e+00,
        6.66133815e-15, -3.10862447e-15, -1.77635684e-14, -2.39808173e-14,
        1.11022302e-14, -1.33226763e-14,  9.76996262e-15, -8.26005930e-14,
        3.75255382e-14, -3.55271368e-15,  3.17523785e-14, -9.15933995e-14,
        3.01980663e-14,  1.66533454e-14, -1.84297022e-14,  6.30606678e-14,
       -3.10862447e-14, -8.00000000e+00, -1.21236354e-13, -4.44089210e-15,
       -1.60000000e+01,  5.95079541e-14, -1.15463195e-14, -4.80000000e+01]), array([-2.66453526e-15, -4.80000000e+01, -1.06581410e-14, -1.33226763e-15,
       -1.60000000e+01,  8.43769499e-15,  1.24344979e-14, -8.00000000e+00,
        3.84137167e-14,  5.77315973e-15,  2.36477504e-14,  7.21644966e-15,
        5.32907052e-15, -3.33066907e-16,  1.80966353e-14,  1.62092562e-14,
       -4.24105195e-14, -5.77315973e-14, -3.06421555e-14,  3.06421555e-14,
       -1.82076576e-14, -1.64313008e-14,  1.64313008e-14, -4.26325641e-14,
       -6.08402217e-14,  8.00000000e+00,  5.29576383e-14,  3.63042929e-14,
        1.60000000e+01,  8.37108161e-14,  9.88098492e-15,  4.80000000e+01])]





ERROR:asyncio:Task was destroyed but it is pending!
task: <Task pending name='Task-1' coro=<Kernel.poll_control_queue() running at C:\Users\runep\anaconda3\envs\spyder-env\lib\site-packages\ipykernel\kernelbase.py:281> wait_for=<Future finished result=<Future at 0x...state=pending>> cb=[_chain_future.<locals>._call_set_state() at C:\Users\runep\anaconda3\envs\spyder-env\lib\asyncio\futures.py:392]>
INFO:root:Beginning DFT function with input shape (8,)
INFO:root:DFT done with following results: 
[array([ 0.00000000e+00,  1.00000000e+01,  3.33066907e-15,  3.10862447e-15,
       -2.44249065e-15,  1.33226763e-15,  4.21884749e-15, -1.00000000e+01]), array([ 0.00000000e+00, -1.00000000e+01,  2.22044605e-16,  4.44089210e-16,
       -1.55431223e-15,  8.88178420e-15,  1.15463195e-14,  1.00000000e+01])]
INFO:root:Beginning DFT function with input shape (16,)
INFO:root:DFT done with following results: 
[array([-1.77635684e-15,  2.40000000e+01, -2.22044605e-16, -1.99840144e-15,
        8.00000000e+00,  9.76996262e-15,  7.99360578e-15,  4.00000000e+00,
       -1.64313008e-14, -4.00000000e+00, -2.55351296e-14, -3.35287353e-14,
       -8.00000000e+00, -1.42108547e-14, -9.76996262e-15, -2.40000000e+01]), array([-1.77635684e-15, -2.40000000e+01, -7.54951657e-15,  0.00000000e+00,
       -8.00000000e+00,  6.66133815e-15,  1.28785871e-14, -4.00000000e+00,
        1.99840144e-14,  4.00000000e+00,  3.99680289e-15, -1.28785871e-14,
        8.00000000e+00, -1.37667655e-14,  4.44089210e-15,  2.40000000e+01])]
INFO:root:Beginning DFT function with input shape (24,)
INFO:root:DFT done with following results: 
[array([-3.10862447e-15,  3.60000000e+01,  8.65973959e-15, -9.32587341e-15,
        1.20000000e+01,  1.11022302e-14,  2.08721929e-14,  6.00000000e+00,
       -1.50990331e-14,  2.04281037e-14,  1.28785871e-14, -4.04121181e-14,
       -1.06581410e-14, -9.76996262e-15, -5.99520433e-15,  4.44089210e-14,
        3.68594044e-14, -6.00000000e+00, -6.17284002e-14,  3.50830476e-14,
       -1.20000000e+01,  2.04281037e-14,  9.94759830e-14, -3.60000000e+01]), array([-3.10862447e-15, -3.60000000e+01, -8.43769499e-15, -7.99360578e-15,
       -1.20000000e+01, -3.99680289e-15, -1.28785871e-14, -6.00000000e+00,
       -2.10942375e-14,  2.02060590e-14, -5.77315973e-15, -3.99680289e-15,
        2.53130850e-14, -4.44089210e-16, -2.62012634e-14,  2.08721929e-14,
        4.84057239e-14,  6.00000000e+00, -2.17603713e-14, -3.15303339e-14,
        1.20000000e+01, -5.88418203e-14,  3.99680289e-15,  3.60000000e+01])]
INFO:root:Beginning DFT function with input shape (32,)
INFO:root:DFT done with following results: 
[array([-2.66453526e-15,  4.80000000e+01, -8.10462808e-15, -7.88258347e-15,
        1.60000000e+01,  2.09832152e-14,  3.77475828e-15,  8.00000000e+00,
        6.66133815e-15, -3.10862447e-15, -1.77635684e-14, -2.39808173e-14,
        1.11022302e-14, -1.33226763e-14,  9.76996262e-15, -8.26005930e-14,
        3.75255382e-14, -3.55271368e-15,  3.17523785e-14, -9.15933995e-14,
        3.01980663e-14,  1.66533454e-14, -1.84297022e-14,  6.30606678e-14,
       -3.10862447e-14, -8.00000000e+00, -1.21236354e-13, -4.44089210e-15,
       -1.60000000e+01,  5.95079541e-14, -1.15463195e-14, -4.80000000e+01]), array([-2.66453526e-15, -4.80000000e+01, -1.06581410e-14, -1.33226763e-15,
       -1.60000000e+01,  8.43769499e-15,  1.24344979e-14, -8.00000000e+00,
        3.84137167e-14,  5.77315973e-15,  2.36477504e-14,  7.21644966e-15,
        5.32907052e-15, -3.33066907e-16,  1.80966353e-14,  1.62092562e-14,
       -4.24105195e-14, -5.77315973e-14, -3.06421555e-14,  3.06421555e-14,
       -1.82076576e-14, -1.64313008e-14,  1.64313008e-14, -4.26325641e-14,
       -6.08402217e-14,  8.00000000e+00,  5.29576383e-14,  3.63042929e-14,
        1.60000000e+01,  8.37108161e-14,  9.88098492e-15,  4.80000000e+01])]
INFO:root:Beginning DFT function with input shape (1024,)
INFO:root:DFT done with following results: 
[array([-1.04208309e-13,  1.53600000e+03,  3.38562511e-13, ...,
        1.19211030e-11, -2.83714718e-11, -1.53600000e+03]), array([-1.04208309e-13, -1.53600000e+03, -4.47253345e-13, ...,
       -7.79822040e-12,  1.98137340e-11,  1.53600000e+03])]
INFO:root:Beginning DFT function with input shape (1024,)
INFO:root:DFT done with following results: 
[array([-1.04208309e-13,  1.53600000e+03,  3.38562511e-13, ...,
        1.19211030e-11, -2.83714718e-11, -1.53600000e+03]), array([-1.04208309e-13, -1.53600000e+03, -4.47253345e-13, ...,
       -7.79822040e-12,  1.98137340e-11,  1.53600000e+03])]
INFO:root:Beginning DFT function with input shape (1024,)
INFO:root:DFT done with following results: 
[array([-1.04208309e-13,  1.53600000e+03,  3.38562511e-13, ...,
        1.19211030e-11, -2.83714718e-11, -1.53600000e+03]), array([-1.04208309e-13, -1.53600000e+03, -4.47253345e-13, ...,
       -7.79822040e-12,  1.98137340e-11,  1.53600000e+03])]
